#
# There is insufficient memory for the Java Runtime Environment to continue.
# Native memory allocation (mmap) failed to map 266338304 bytes for G1 virtual space
# Possible reasons:
#   The system is out of physical RAM or swap space
#   The process is running with CompressedOops enabled, and the Java Heap may be blocking the growth of the native heap
# Possible solutions:
#   Reduce memory load on the system
#   Increase physical memory or swap space
#   Check if swap backing store is full
#   Decrease Java heap size (-Xmx/-Xms)
#   Decrease number of Java threads
#   Decrease Java thread stack sizes (-Xss)
#   Set larger code cache with -XX:ReservedCodeCacheSize=
#   JVM is running with Zero Based Compressed Oops mode in which the Java heap is
#     placed in the first 32GB address space. The Java Heap base address is the
#     maximum limit for the native heap growth. Please use -XX:HeapBaseMinAddress
#     to set the Java Heap base and to place the Java Heap above 32GB virtual address.
# This output file may be truncated or incomplete.
#
#  Out of Memory Error (os_windows.cpp:3532), pid=16212, tid=18484
#
# JRE version:  (17.0.2+8) (build )
# Java VM: OpenJDK 64-Bit Server VM (17.0.2+8, mixed mode, sharing, tiered, compressed oops, compressed class ptrs, g1 gc, windows-amd64)
# No core dump will be written. Minidumps are not enabled by default on client versions of Windows
#

---------------  S U M M A R Y ------------

Command Line: -Dfile.encoding=Cp1252 -XX:+ShowCodeDetailsInExceptionMessages br.com.senaibrasilia.projetoinicial.Principal

Host: Intel(R) Core(TM) i7-6700 CPU @ 3.40GHz, 8 cores, 15G,  Windows 10 , 64 bit Build 19041 (10.0.19041.1645)
Time: Wed May  4 22:30:22 2022 E. South America Standard Time elapsed time: 0.013902 seconds (0d 0h 0m 0s)

---------------  T H R E A D  ---------------

Current thread (0x0000016c0f20be20):  JavaThread "Unknown thread" [_thread_in_vm, id=18484, stack(0x0000003fa2200000,0x0000003fa2300000)]

Stack: [0x0000003fa2200000,0x0000003fa2300000]
Native frames: (J=compiled Java code, j=interpreted, Vv=VM code, C=native code)
V  [jvm.dll+0x67564a]
V  [jvm.dll+0x82fc04]
V  [jvm.dll+0x8313ae]
V  [jvm.dll+0x831a13]
V  [jvm.dll+0x245235]
V  [jvm.dll+0x672539]
V  [jvm.dll+0x666e82]
V  [jvm.dll+0x30401b]
V  [jvm.dll+0x30b566]
V  [jvm.dll+0x35b1fe]
V  [jvm.dll+0x35b42f]
V  [jvm.dll+0x2daf58]
V  [jvm.dll+0x2dbec4]
V  [jvm.dll+0x801881]
V  [jvm.dll+0x368f81]
V  [jvm.dll+0x7e0cdc]
V  [jvm.dll+0x3eb8bf]
V  [jvm.dll+0x3ed441]
C  [jli.dll+0x5277]
C  [ucrtbase.dll+0x21bb2]
C  [KERNEL32.DLL+0x17034]
C  [ntdll.dll+0x52651]


---------------  P R O C E S S  ---------------

Threads class SMR info:
_java_thread_list=0x00007ffd298d5e98, length=0, elements={
}

Java Threads: ( => current thread )

Other Threads:
  0x0000016c0f25edb0 GCTaskThread "GC Thread#0" [stack: 0x0000003fa2300000,0x0000003fa2400000] [id=9172]
  0x0000016c0f270160 ConcurrentGCThread "G1 Main Marker" [stack: 0x0000003fa2400000,0x0000003fa2500000] [id=21096]
  0x0000016c0f270a80 ConcurrentGCThread "G1 Conc#0" [stack: 0x0000003fa2500000,0x0000003fa2600000] [id=1268]

[error occurred during error reporting (printing all threads), id 0xc0000005, EXCEPTION_ACCESS_VIOLATION (0xc0000005) at pc=0x00007ffd290ab9d7]

VM state: not at safepoint (not fully initialized)

VM Mutex/Monitor currently owned by a thread:  ([mutex/lock_event])
[0x0000016c0f208a50] Heap_lock - owner thread: 0x0000016c0f20be20

Heap address: 0x0000000702400000, size: 4060 MB, Compressed Oops mode: Zero based, Oop shift amount: 3

CDS archive(s) mapped at: [0x0000000000000000-0x0000000000000000-0x0000000000000000), size 0, SharedBaseAddress: 0x0000000800000000, ArchiveRelocationMode: 0.
Narrow klass base: 0x0000000000000000, Narrow klass shift: 0, Narrow klass range: 0x0

GC Precious Log:
<Empty>

Heap:
 garbage-first heap   total 0K, used 0K [0x0000000702400000, 0x0000000800000000)
  region size 2048K, 0 young (0K), 0 survivors (0K)

[error occurred during error reporting (printing heap information), id 0xc0000005, EXCEPTION_ACCESS_VIOLATION (0xc0000005) at pc=0x00007ffd2948e899]

GC Heap History (0 events):
No events

Deoptimization events (0 events):
No events

Classes unloaded (0 events):
No events

Classes redefined (0 events):
No events

Internal exceptions (0 events):
No events

VM Operations (0 events):
No events

Events (1 events):
Event: 0.009 Loaded shared library F:\PIETRA\work\1. programming\eclipse\plugins\org.eclipse.justj.openjdk.hotspot.jre.full.win32.x86_64_17.0.2.v20220201-1208\jre\bin\java.dll


Dynamic libraries:
0x00007ff76a9b0000 - 0x00007ff76a9be000 	F:\PIETRA\work\1. programming\eclipse\plugins\org.eclipse.justj.openjdk.hotspot.jre.full.win32.x86_64_17.0.2.v20220201-1208\jre\bin\javaw.exe
0x00007ffd91970000 - 0x00007ffd91b65000 	C:\Windows\SYSTEM32\ntdll.dll
0x00007ffd8f9d0000 - 0x00007ffd8fa8e000 	C:\Windows\System32\KERNEL32.DLL
0x00007ffd8f4b0000 - 0x00007ffd8f778000 	C:\Windows\System32\KERNELBASE.dll
0x00007ffd8f1f0000 - 0x00007ffd8f2f0000 	C:\Windows\System32\ucrtbase.dll
0x00007ffd862d0000 - 0x00007ffd862e9000 	F:\PIETRA\work\1. programming\eclipse\plugins\org.eclipse.justj.openjdk.hotspot.jre.full.win32.x86_64_17.0.2.v20220201-1208\jre\bin\VCRUNTIME140.dll
0x00007ffd862b0000 - 0x00007ffd862c8000 	F:\PIETRA\work\1. programming\eclipse\plugins\org.eclipse.justj.openjdk.hotspot.jre.full.win32.x86_64_17.0.2.v20220201-1208\jre\bin\jli.dll
0x00007ffd90ef0000 - 0x00007ffd91090000 	C:\Windows\System32\USER32.dll
0x00007ffd8f780000 - 0x00007ffd8f7a2000 	C:\Windows\System32\win32u.dll
0x00007ffd90280000 - 0x00007ffd902aa000 	C:\Windows\System32\GDI32.dll
0x00007ffd7e850000 - 0x00007ffd7eaea000 	C:\Windows\WinSxS\amd64_microsoft.windows.common-controls_6595b64144ccf1df_6.0.19041.1110_none_60b5254171f9507e\COMCTL32.dll
0x00007ffd8f3a0000 - 0x00007ffd8f4ab000 	C:\Windows\System32\gdi32full.dll
0x00007ffd8f900000 - 0x00007ffd8f99d000 	C:\Windows\System32\msvcp_win.dll
0x00007ffd90740000 - 0x00007ffd907de000 	C:\Windows\System32\msvcrt.dll
0x00007ffd8fa90000 - 0x00007ffd8fac0000 	C:\Windows\System32\IMM32.DLL
0x00007ffd862a0000 - 0x00007ffd862ac000 	F:\PIETRA\work\1. programming\eclipse\plugins\org.eclipse.justj.openjdk.hotspot.jre.full.win32.x86_64_17.0.2.v20220201-1208\jre\bin\vcruntime140_1.dll
0x00007ffd67800000 - 0x00007ffd67891000 	F:\PIETRA\work\1. programming\eclipse\plugins\org.eclipse.justj.openjdk.hotspot.jre.full.win32.x86_64_17.0.2.v20220201-1208\jre\bin\msvcp140.dll
0x00007ffd28dc0000 - 0x00007ffd29a07000 	F:\PIETRA\work\1. programming\eclipse\plugins\org.eclipse.justj.openjdk.hotspot.jre.full.win32.x86_64_17.0.2.v20220201-1208\jre\bin\server\jvm.dll
0x00007ffd91410000 - 0x00007ffd914be000 	C:\Windows\System32\ADVAPI32.dll
0x00007ffd91090000 - 0x00007ffd9112c000 	C:\Windows\System32\sechost.dll
0x00007ffd91130000 - 0x00007ffd91255000 	C:\Windows\System32\RPCRT4.dll
0x00007ffd90210000 - 0x00007ffd90218000 	C:\Windows\System32\PSAPI.DLL
0x00007ffd80140000 - 0x00007ffd80149000 	C:\Windows\SYSTEM32\WSOCK32.dll
0x00007ffd80150000 - 0x00007ffd80177000 	C:\Windows\SYSTEM32\WINMM.dll
0x00007ffd89c60000 - 0x00007ffd89c6a000 	C:\Windows\SYSTEM32\VERSION.dll
0x00007ffd915a0000 - 0x00007ffd9160b000 	C:\Windows\System32\WS2_32.dll
0x00007ffd8cfd0000 - 0x00007ffd8cfe2000 	C:\Windows\SYSTEM32\kernel.appcore.dll
0x00007ffd8aba0000 - 0x00007ffd8abaa000 	F:\PIETRA\work\1. programming\eclipse\plugins\org.eclipse.justj.openjdk.hotspot.jre.full.win32.x86_64_17.0.2.v20220201-1208\jre\bin\jimage.dll
0x00007ffd881c0000 - 0x00007ffd883a4000 	C:\Windows\SYSTEM32\DBGHELP.DLL
0x00007ffd7ca80000 - 0x00007ffd7caac000 	C:\Windows\SYSTEM32\dbgcore.DLL
0x00007ffd8f870000 - 0x00007ffd8f8f2000 	C:\Windows\System32\bcryptPrimitives.dll
0x00007ffd86740000 - 0x00007ffd86765000 	F:\PIETRA\work\1. programming\eclipse\plugins\org.eclipse.justj.openjdk.hotspot.jre.full.win32.x86_64_17.0.2.v20220201-1208\jre\bin\java.dll

dbghelp: loaded successfully - version: 4.0.5 - missing functions: none
symbol engine: initialized successfully - sym options: 0x614 - pdb path: .;F:\PIETRA\work\1. programming\eclipse\plugins\org.eclipse.justj.openjdk.hotspot.jre.full.win32.x86_64_17.0.2.v20220201-1208\jre\bin;C:\Windows\SYSTEM32;C:\Windows\WinSxS\amd64_microsoft.windows.common-controls_6595b64144ccf1df_6.0.19041.1110_none_60b5254171f9507e;F:\PIETRA\work\1. programming\eclipse\plugins\org.eclipse.justj.openjdk.hotspot.jre.full.win32.x86_64_17.0.2.v20220201-1208\jre\bin\server

VM Arguments:
jvm_args: -Dfile.encoding=Cp1252 -XX:+ShowCodeDetailsInExceptionMessages 
java_command: br.com.senaibrasilia.projetoinicial.Principal
java_class_path (initial): F:\PIETRA\work\1. programming\eclipse\1. projetos\javafluxo1\bin
Launcher Type: SUN_STANDARD

[Global flags]
     intx CICompilerCount                          = 4                                         {product} {ergonomic}
     uint ConcGCThreads                            = 2                                         {product} {ergonomic}
     uint G1ConcRefinementThreads                  = 8                                         {product} {ergonomic}
   size_t G1HeapRegionSize                         = 2097152                                   {product} {ergonomic}
    uintx GCDrainStackTargetSize                   = 64                                        {product} {ergonomic}
   size_t InitialHeapSize                          = 266338304                                 {product} {ergonomic}
   size_t MarkStackSize                            = 4194304                                   {product} {ergonomic}
   size_t MaxHeapSize                              = 4257218560                                {product} {ergonomic}
   size_t MinHeapDeltaBytes                        = 2097152                                   {product} {ergonomic}
   size_t MinHeapSize                              = 8388608                                   {product} {ergonomic}
    uintx NonNMethodCodeHeapSize                   = 5839372                                {pd product} {ergonomic}
    uintx NonProfiledCodeHeapSize                  = 122909434                              {pd product} {ergonomic}
    uintx ProfiledCodeHeapSize                     = 122909434                              {pd product} {ergonomic}
    uintx ReservedCodeCacheSize                    = 251658240                              {pd product} {ergonomic}
     bool SegmentedCodeCache                       = true                                      {product} {ergonomic}
     bool ShowCodeDetailsInExceptionMessages       = true                                   {manageable} {command line}
   size_t SoftMaxHeapSize                          = 4257218560                             {manageable} {ergonomic}
     bool UseCompressedClassPointers               = true                           {product lp64_product} {ergonomic}
     bool UseCompressedOops                        = true                           {product lp64_product} {ergonomic}
     bool UseG1GC                                  = true                                      {product} {ergonomic}
     bool UseLargePagesIndividualAllocation        = false                                  {pd product} {ergonomic}

Logging:
Log output configuration:
 #0: stdout all=warning uptime,level,tags
 #1: stderr all=off uptime,level,tags

Environment Variables:
JAVA_HOME=C:\Program Files\Java\jdk-18
CLASSPATH=C:\Program Files\Java\jdk-18\lib;C:\Program Files\Java\jdk-18\lib\tools.jar;C:\Program Files\Java\jdk-18\lib\dt.jar;C:\Program Files\Java\jdk-18\lib\htmlconverter.jar;C:\Program Files\Java\jdk-18\jre\lib;C:\Program Files\Java\jdk-18\jre\lib\rt.jar;
PATH=F:/PIETRA/work/1. programming/eclipse//plugins/org.eclipse.justj.openjdk.hotspot.jre.full.win32.x86_64_17.0.2.v20220201-1208/jre/bin/server;F:/PIETRA/work/1. programming/eclipse//plugins/org.eclipse.justj.openjdk.hotspot.jre.full.win32.x86_64_17.0.2.v20220201-1208/jre/bin;C:\Program Files\Java\jdk-18\bin;C:\Program Files\Common Files\Oracle\Java\javapath;C:\Python310\Scripts\;C:\Python310\;C:\Program Files (x86)\Intel\Intel(R) Management Engine Components\iCLS\;C:\Program Files\Intel\Intel(R) Management Engine Components\iCLS\;C:\Windows\system32;C:\Windows;C:\Windows\System32\Wbem;C:\Windows\System32\WindowsPowerShell\v1.0\;C:\Windows\System32\OpenSSH\;C:\Program Files (x86)\NVIDIA Corporation\PhysX\Common;C:\Program Files\NVIDIA Corporation\NVIDIA NvDLISR;C:\Program Files (x86)\Intel\Intel(R) Management Engine Components\DAL;C:\Program Files\Intel\Intel(R) Management Engine Components\DAL;C:\Program Files (x86)\Intel\Intel(R) Management Engine Components\IPT;C:\Program Files\Intel\Intel(R) Management Engine Components\IPT;C:\Program Files\nodejs\;C:\ProgramData\chocolatey\bin;C:\Users\GAMER\AppData\Local\Microsoft\WindowsApps;;C:\Users\GAMER\AppData\Local\Programs\Microsoft VS Code\bin;C:\Users\GAMER\AppData\Roaming\npm;F:\PIETRA\work\1. programming\eclipse;
USERNAME=pietra (work)
OS=Windows_NT
PROCESSOR_IDENTIFIER=Intel64 Family 6 Model 94 Stepping 3, GenuineIntel



---------------  S Y S T E M  ---------------

OS:
 Windows 10 , 64 bit Build 19041 (10.0.19041.1645)
OS uptime: 18 days 12:25 hours

CPU: total 8 (initial active 8) (4 cores per cpu, 2 threads per core) family 6 model 94 stepping 3 microcode 0xcc, cx8, cmov, fxsr, ht, mmx, 3dnowpref, sse, sse2, sse3, ssse3, sse4.1, sse4.2, popcnt, lzcnt, tsc, tscinvbit, avx, avx2, aes, erms, clmul, bmi1, bmi2, rtm, adx, fma, vzeroupper, clflush, clflushopt

Memory: 4k page, system-wide physical 16239M (6793M free)
TotalPageFile size 45977M (AvailPageFile size 203M)
current process WorkingSet (physical memory assigned to process): 10M, peak: 10M
current process commit charge ("private bytes"): 60M, peak: 314M

vm_info: OpenJDK 64-Bit Server VM (17.0.2+8) for windows-amd64 JRE (17.0.2+8), built on Jan 20 2022 04:52:34 by "" with MS VC++ 16.7 (VS2019)

END.
